<?xml version="1.0" encoding="UTF-8"?>
<!-- Generated by org.testng.reporters.JUnitReportReporter -->
<testsuite ignored="0" hostname="Hbtos-MacBook-Pro.local" failures="0" tests="1" name="tcs_LiverpoolMX.TC000_Search_for_articles" time="42.090" errors="0" timestamp="15 mar. 2024 00:07:43 GMT" skipped="0">
  <testcase classname="tcs_LiverpoolMX.TC000_Search_for_articles" name="TC000" time="42.090"/>
</testsuite> <!-- tcs_LiverpoolMX.TC000_Search_for_articles -->
