<?xml version="1.0" encoding="UTF-8"?>
<!-- Generated by org.testng.reporters.JUnitReportReporter -->
<testsuite ignored="0" hostname="Hbtos-MacBook-Pro.local" failures="0" tests="1" name="tcs_LiverpoolMX.TC010_Buying_a_Smart_TV" time="15.489" errors="0" timestamp="15 mar. 2024 00:07:43 GMT" skipped="0">
  <testcase classname="tcs_LiverpoolMX.TC010_Buying_a_Smart_TV" name="TC010" time="15.489"/>
</testsuite> <!-- tcs_LiverpoolMX.TC010_Buying_a_Smart_TV -->
