<?xml version="1.0" encoding="UTF-8"?>
<!-- Generated by org.testng.reporters.JUnitReportReporter -->
<testsuite ignored="0" hostname="Hbtos-MacBook-Pro.local" failures="0" tests="1" name="tcs_LiverpoolMX.TC020_Reset_consumer_accnt_pass" time="4.927" errors="0" timestamp="15 mar. 2024 00:07:43 GMT" skipped="0">
  <testcase classname="tcs_LiverpoolMX.TC020_Reset_consumer_accnt_pass" name="TC020" time="4.927"/>
</testsuite> <!-- tcs_LiverpoolMX.TC020_Reset_consumer_accnt_pass -->
